<?xml version="1.0" encoding="UTF-8"?>
<!-- Generated by org.testng.reporters.JUnitReportReporter -->
<testsuite hostname="Niel" failures="0" tests="1" name="SauceLabs.AddProductFunctionality" time="0.217" errors="0" timestamp="2022-12-18T14:31:53 IST" skipped="0">
  <testcase classname="SauceLabs.AddProductFunctionality" name="addProduct" time="0.217"/>
  <system-out>
    <![CDATA[Product added to card successfukky]]>
  </system-out>
</testsuite> <!-- SauceLabs.AddProductFunctionality -->
