<?xml version="1.0" encoding="UTF-8"?>
<!-- Generated by org.testng.reporters.JUnitReportReporter -->
<testsuite hostname="Niel" failures="0" tests="1" name="SauceLabs.CheckOutFunctionality" time="1.032" errors="0" timestamp="2022-12-18T14:31:53 IST" skipped="0">
  <testcase classname="SauceLabs.CheckOutFunctionality" name="checkout" time="1.032"/>
  <system-out/>
</testsuite> <!-- SauceLabs.CheckOutFunctionality -->
