<?xml version="1.0" encoding="UTF-8"?>
<!-- Generated by org.testng.reporters.JUnitReportReporter -->
<testsuite hostname="Niel" failures="0" tests="1" name="SauceLabs.CheckLogin" time="0.625" errors="0" timestamp="2022-12-18T14:31:53 IST" skipped="0">
  <testcase classname="SauceLabs.CheckLogin" name="login" time="0.625"/>
  <system-out/>
</testsuite> <!-- SauceLabs.CheckLogin -->
