<?xml version="1.0" encoding="UTF-8"?>
<!-- Generated by org.testng.reporters.JUnitReportReporter -->
<testsuite hostname="Niel" failures="0" tests="3" name="SauceLabs.DataProvierDemo" time="13.815" errors="0" timestamp="2022-11-09T13:28:17 IST" skipped="0">
  <testcase classname="SauceLabs.DataProvierDemo" name="checkLogin" time="3.695"/>
  <system-out/>
  <testcase classname="SauceLabs.DataProvierDemo" name="checkLogin" time="7.621"/>
  <system-out/>
  <testcase classname="SauceLabs.DataProvierDemo" name="checkLogin" time="2.499"/>
  <system-out/>
</testsuite> <!-- SauceLabs.DataProvierDemo -->
